<?xml version="1.0" encoding="UTF-8"?>
<!-- Generated by org.testng.reporters.JUnitReportReporter -->
<testsuite hostname="DEMON-PC" failures="0" tests="1" name="testCases.TC004_AddnewcourseTest" time="3.620" errors="0" timestamp="2024-09-06T18:15:54 IST" skipped="0">
  <testcase classname="testCases.TC004_AddnewcourseTest" name="add_new_course" time="3.620"/>
</testsuite> <!-- testCases.TC004_AddnewcourseTest -->
