<?xml version="1.0" encoding="UTF-8"?>
<!-- Generated by org.testng.reporters.JUnitReportReporter -->
<testsuite hostname="DEMON-PC" failures="0" tests="1" name="testCases.TC001_SignupTest" time="1.569" errors="0" timestamp="2024-09-06T18:15:54 IST" skipped="0">
  <testcase classname="testCases.TC001_SignupTest" name="verify_Signup" time="1.569"/>
</testsuite> <!-- testCases.TC001_SignupTest -->
