<?xml version="1.0" encoding="UTF-8"?>
<!-- Generated by org.testng.reporters.JUnitReportReporter -->
<testsuite hostname="DEMON-PC" failures="0" tests="1" name="testCases.TC001_SignupTest" time="5.363" errors="0" timestamp="2024-09-15T18:12:07 IST" skipped="0">
  <testcase classname="testCases.TC001_SignupTest" name="verify_Signup" time="5.363"/>
</testsuite> <!-- testCases.TC001_SignupTest -->
