<?xml version="1.0" encoding="UTF-8"?>
<!-- Generated by org.testng.reporters.JUnitReportReporter -->
<testsuite hostname="DEMON-PC" failures="0" tests="1" name="testCases.TC003_LogoutTest" time="5.165" errors="0" timestamp="2024-08-31T17:09:00 IST" skipped="0">
  <testcase classname="testCases.TC003_LogoutTest" name="verify_Logout" time="5.165"/>
</testsuite> <!-- testCases.TC003_LogoutTest -->
